Using pre-set license
Built from '2020.2/staging' branch; Version is '2020.2.7f1 (c53830e277f1) revision 12924976'; Using compiler version '192528614'; Build Type 'Release'
OS: 'Windows 10 Pro; OS build 19042.985; Version 2009; 64bit' Language: 'en' Physical Memory: 16164 MB
BatchMode: 1, IsHumanControllingUs: 0, StartBugReporterOnCrash: 0, Is64bit: 1, IsPro: 0

 COMMAND LINE ARGUMENTS:
D:\Unity Installs\2020.2.7f1\Editor\Unity.exe
-adb2
-batchMode
-noUpm
-name
AssetImportWorker0
-projectPath
D:/Programming/Unity Projects/ragdoll-race/Ragdoll Race
-logFile
Logs/AssetImportWorker0.log
-srvPort
50845
Successfully changed project path to: D:/Programming/Unity Projects/ragdoll-race/Ragdoll Race
D:/Programming/Unity Projects/ragdoll-race/Ragdoll Race
Using Asset Import Pipeline V2.
Refreshing native plugins compatible for Editor in 57.93 ms, found 0 plugins.
Preloading 0 native plugins for Editor in 0.00 ms.
Initialize engine version: 2020.2.7f1 (c53830e277f1)
[Subsystems] Discovering subsystems at path D:/Unity Installs/2020.2.7f1/Editor/Data/Resources/UnitySubsystems
[Subsystems] Discovering subsystems at path D:/Programming/Unity Projects/ragdoll-race/Ragdoll Race/Assets
GfxDevice: creating device client; threaded=0
Direct3D:
    Version:  Direct3D 11.0 [level 11.1]
    Renderer: NVIDIA GeForce GTX 1650 (ID=0x1f91)
    Vendor:   
    VRAM:     3964 MB
    Driver:   27.21.14.5771
Initialize mono
Mono path[0] = 'D:/Unity Installs/2020.2.7f1/Editor/Data/Managed'
Mono path[1] = 'D:/Unity Installs/2020.2.7f1/Editor/Data/MonoBleedingEdge/lib/mono/unityjit'
Mono config path = 'D:/Unity Installs/2020.2.7f1/Editor/Data/MonoBleedingEdge/etc'
Using monoOptions --debugger-agent=transport=dt_socket,embedding=1,server=y,suspend=n,address=127.0.0.1:56108
Begin MonoManager ReloadAssembly
Registering precompiled unity dll's ...
Register platform support module: D:/Unity Installs/2020.2.7f1/Editor/Data/PlaybackEngines/WindowsStandaloneSupport/UnityEditor.WindowsStandalone.Extensions.dll
Registered in 0.001033 seconds.
Native extension for WindowsStandalone target not found
Refreshing native plugins compatible for Editor in 50.24 ms, found 0 plugins.
Preloading 0 native plugins for Editor in 0.00 ms.
Invoked RoslynAnalysisRunner static constructor.
RoslynAnalysisRunner will not be running.
RoslynAnalysisRunner has terminated.
Mono: successfully reloaded assembly
- Completed reload, in  0.922 seconds
Platform modules already initialized, skipping
Registering precompiled user dll's ...
Registered in 0.000997 seconds.
Begin MonoManager ReloadAssembly
Native extension for WindowsStandalone target not found
Refreshing native plugins compatible for Editor in 50.11 ms, found 0 plugins.
Preloading 0 native plugins for Editor in 0.00 ms.
Invoked RoslynAnalysisRunner static constructor.
RoslynAnalysisRunner will not be running.
RoslynAnalysisRunner has terminated.
Mono: successfully reloaded assembly
- Completed reload, in  1.083 seconds
Platform modules already initialized, skipping
========================================================================
Worker process is ready to serve import requests
Shader 'Universal Render Pipeline/Particles/Lit': fallback shader 'Universal Render Pipeline/Particles/SimpleLit' not found
Shader 'Universal Render Pipeline/Particles/Lit': fallback shader 'Universal Render Pipeline/Particles/SimpleLit' not found
Launched and connected shader compiler UnityShaderCompiler.exe after 0.03 seconds
Refreshing native plugins compatible for Editor in 0.50 ms, found 0 plugins.
Preloading 0 native plugins for Editor in 0.00 ms.
Unloading 3119 Unused Serialized files (Serialized files now loaded: 0)
System memory in use before: 151.6 MB.
System memory in use after: 149.7 MB.

Unloading 126 unused Assets to reduce memory usage. Loaded Objects now: 3541.
Total: 10.117200 ms (FindLiveObjects: 0.653400 ms CreateObjectMapping: 0.474500 ms MarkObjects: 5.975300 ms  DeleteObjects: 3.011000 ms)

========================================================================
Received Import Request.
  path: Assets/Stages/Tank Canyon/Tank/Scripts/TankEngineAudio.cs
  artifactKey: Guid(99094a14a7449524a9d9ed795197438d) Importer(815301076,1909f56bfc062723c751e8b465ee728b)
Start importing Assets/Stages/Tank Canyon/Tank/Scripts/TankEngineAudio.cs using Guid(99094a14a7449524a9d9ed795197438d) Importer(815301076,1909f56bfc062723c751e8b465ee728b)  -> (artifact id: '291e85331a819b7e5b5e0c220cd67f99') in 0.104245 seconds
  Import took 0.113830 seconds .

========================================================================
Received Import Request.
  Time since last request: 51.071169 seconds.
  path: Assets/Stages/Tank Canyon/Tank/Scripts/TankAudioManager.cs
  artifactKey: Guid(e1e2f309c921df547a9829af96b27a59) Importer(815301076,1909f56bfc062723c751e8b465ee728b)
Start importing Assets/Stages/Tank Canyon/Tank/Scripts/TankAudioManager.cs using Guid(e1e2f309c921df547a9829af96b27a59) Importer(815301076,1909f56bfc062723c751e8b465ee728b)  -> (artifact id: 'ec6492d2998703c9c7530a5ff3f5ba3f') in 0.015940 seconds
  Import took 0.056324 seconds .

========================================================================
Received Import Request.
  Time since last request: 0.006540 seconds.
  path: Assets/Stages/Tank Canyon/Tank/Scripts/TankAudioManager.cs
  artifactKey: Guid(e1e2f309c921df547a9829af96b27a59) Importer(815301076,1909f56bfc062723c751e8b465ee728b)
Start importing Assets/Stages/Tank Canyon/Tank/Scripts/TankAudioManager.cs using Guid(e1e2f309c921df547a9829af96b27a59) Importer(815301076,1909f56bfc062723c751e8b465ee728b)  -> (artifact id: 'ec6492d2998703c9c7530a5ff3f5ba3f') in 0.002709 seconds
  Import took 0.018554 seconds .

========================================================================
Received Import Request.
  Time since last request: 15.120740 seconds.
  path: Assets/Stages/Tank Canyon/Tank/Scripts/TankAudioManager.cs
  artifactKey: Guid(e1e2f309c921df547a9829af96b27a59) Importer(815301076,1909f56bfc062723c751e8b465ee728b)
Start importing Assets/Stages/Tank Canyon/Tank/Scripts/TankAudioManager.cs using Guid(e1e2f309c921df547a9829af96b27a59) Importer(815301076,1909f56bfc062723c751e8b465ee728b)  -> (artifact id: '74d4380182aa7a53b294fc2b5d7722d0') in 0.004850 seconds
  Import took 0.014361 seconds .

========================================================================
Received Import Request.
  Time since last request: 1.313592 seconds.
  path: Assets/Stages/Tank Canyon/Tank/Scripts/TankEngineAudio.cs
  artifactKey: Guid(99094a14a7449524a9d9ed795197438d) Importer(815301076,1909f56bfc062723c751e8b465ee728b)
Start importing Assets/Stages/Tank Canyon/Tank/Scripts/TankEngineAudio.cs using Guid(99094a14a7449524a9d9ed795197438d) Importer(815301076,1909f56bfc062723c751e8b465ee728b)  -> (artifact id: 'd6c4f006de0976f4b11c40c9ed3932fd') in 0.001552 seconds
  Import took 0.006751 seconds .

========================================================================
Received Import Request.
  Time since last request: 512.736520 seconds.
  path: Assets/Stages/Tank Canyon/Tank/Scripts/TankAudioManager.cs
  artifactKey: Guid(e1e2f309c921df547a9829af96b27a59) Importer(815301076,1909f56bfc062723c751e8b465ee728b)
Start importing Assets/Stages/Tank Canyon/Tank/Scripts/TankAudioManager.cs using Guid(e1e2f309c921df547a9829af96b27a59) Importer(815301076,1909f56bfc062723c751e8b465ee728b)  -> (artifact id: 'a9d8b1a4e098bbfe2ca0fd77c176a970') in 0.024223 seconds
  Import took 0.032832 seconds .

========================================================================
Received Prepare
Registering precompiled user dll's ...
Registered in 0.001098 seconds.
Begin MonoManager ReloadAssembly
Native extension for WindowsStandalone target not found
Refreshing native plugins compatible for Editor in 0.48 ms, found 0 plugins.
Preloading 0 native plugins for Editor in 0.00 ms.
Warning: Annotation not found!
UnityEngine.StackTraceUtility:ExtractStackTrace ()
UnityEditor.ProBuilder.EditorUtility:SetGizmoIconEnabled (System.Type,bool) (at Library/PackageCache/com.unity.probuilder@4.5.0/Editor/EditorCore/EditorUtility.cs:593)
UnityEditor.ProBuilder.HierarchyListener:.cctor () (at Library/PackageCache/com.unity.probuilder@4.5.0/Editor/EditorCore/HierarchyListener.cs:21)
System.Runtime.CompilerServices.RuntimeHelpers:RunClassConstructor (System.RuntimeTypeHandle)
UnityEditor.EditorAssemblies:ProcessInitializeOnLoadAttributes (System.Type[])

[Library/PackageCache/com.unity.probuilder@4.5.0/Editor/EditorCore/EditorUtility.cs line 593]

Invoked RoslynAnalysisRunner static constructor.
RoslynAnalysisRunner will not be running.
RoslynAnalysisRunner has terminated.
Mono: successfully reloaded assembly
- Completed reload, in  0.890 seconds
Platform modules already initialized, skipping
Shader 'Universal Render Pipeline/Particles/Lit': fallback shader 'Universal Render Pipeline/Particles/SimpleLit' not found
Shader 'Universal Render Pipeline/Particles/Lit': fallback shader 'Universal Render Pipeline/Particles/SimpleLit' not found
Refreshing native plugins compatible for Editor in 0.48 ms, found 0 plugins.
Preloading 0 native plugins for Editor in 0.00 ms.
Unloading 3007 Unused Serialized files (Serialized files now loaded: 0)
System memory in use before: 146.2 MB.
System memory in use after: 144.3 MB.

Unloading 41 unused Assets to reduce memory usage. Loaded Objects now: 3544.
Total: 3.527800 ms (FindLiveObjects: 0.295800 ms CreateObjectMapping: 0.157000 ms MarkObjects: 1.949800 ms  DeleteObjects: 1.124300 ms)

========================================================================
Received Prepare
Registering precompiled user dll's ...
Registered in 0.001121 seconds.
Begin MonoManager ReloadAssembly
Native extension for WindowsStandalone target not found
Refreshing native plugins compatible for Editor in 0.55 ms, found 0 plugins.
Preloading 0 native plugins for Editor in 0.00 ms.
Warning: Annotation not found!
UnityEngine.StackTraceUtility:ExtractStackTrace ()
UnityEditor.ProBuilder.EditorUtility:SetGizmoIconEnabled (System.Type,bool) (at Library/PackageCache/com.unity.probuilder@4.5.0/Editor/EditorCore/EditorUtility.cs:593)
UnityEditor.ProBuilder.HierarchyListener:.cctor () (at Library/PackageCache/com.unity.probuilder@4.5.0/Editor/EditorCore/HierarchyListener.cs:21)
System.Runtime.CompilerServices.RuntimeHelpers:RunClassConstructor (System.RuntimeTypeHandle)
UnityEditor.EditorAssemblies:ProcessInitializeOnLoadAttributes (System.Type[])

[Library/PackageCache/com.unity.probuilder@4.5.0/Editor/EditorCore/EditorUtility.cs line 593]

Invoked RoslynAnalysisRunner static constructor.
RoslynAnalysisRunner will not be running.
RoslynAnalysisRunner has terminated.
Mono: successfully reloaded assembly
- Completed reload, in  1.006 seconds
Platform modules already initialized, skipping
Shader 'Universal Render Pipeline/Particles/Lit': fallback shader 'Universal Render Pipeline/Particles/SimpleLit' not found
Shader 'Universal Render Pipeline/Particles/Lit': fallback shader 'Universal Render Pipeline/Particles/SimpleLit' not found
Refreshing native plugins compatible for Editor in 0.88 ms, found 0 plugins.
Preloading 0 native plugins for Editor in 0.00 ms.
Unloading 3007 Unused Serialized files (Serialized files now loaded: 0)
System memory in use before: 146.2 MB.
System memory in use after: 144.4 MB.

Unloading 40 unused Assets to reduce memory usage. Loaded Objects now: 3547.
Total: 8.599000 ms (FindLiveObjects: 0.446300 ms CreateObjectMapping: 0.188100 ms MarkObjects: 4.108600 ms  DeleteObjects: 3.852400 ms)

========================================================================
Received Prepare
Registering precompiled user dll's ...
Registered in 0.001157 seconds.
Begin MonoManager ReloadAssembly
Native extension for WindowsStandalone target not found
Refreshing native plugins compatible for Editor in 0.48 ms, found 0 plugins.
Preloading 0 native plugins for Editor in 0.00 ms.
Warning: Annotation not found!
UnityEngine.StackTraceUtility:ExtractStackTrace ()
UnityEditor.ProBuilder.EditorUtility:SetGizmoIconEnabled (System.Type,bool) (at Library/PackageCache/com.unity.probuilder@4.5.0/Editor/EditorCore/EditorUtility.cs:593)
UnityEditor.ProBuilder.HierarchyListener:.cctor () (at Library/PackageCache/com.unity.probuilder@4.5.0/Editor/EditorCore/HierarchyListener.cs:21)
System.Runtime.CompilerServices.RuntimeHelpers:RunClassConstructor (System.RuntimeTypeHandle)
UnityEditor.EditorAssemblies:ProcessInitializeOnLoadAttributes (System.Type[])

[Library/PackageCache/com.unity.probuilder@4.5.0/Editor/EditorCore/EditorUtility.cs line 593]

Invoked RoslynAnalysisRunner static constructor.
RoslynAnalysisRunner will not be running.
RoslynAnalysisRunner has terminated.
Mono: successfully reloaded assembly
- Completed reload, in  0.873 seconds
Platform modules already initialized, skipping
Shader 'Universal Render Pipeline/Particles/Lit': fallback shader 'Universal Render Pipeline/Particles/SimpleLit' not found
Shader 'Universal Render Pipeline/Particles/Lit': fallback shader 'Universal Render Pipeline/Particles/SimpleLit' not found
Refreshing native plugins compatible for Editor in 0.56 ms, found 0 plugins.
Preloading 0 native plugins for Editor in 0.00 ms.
Unloading 3007 Unused Serialized files (Serialized files now loaded: 0)
System memory in use before: 146.3 MB.
System memory in use after: 144.4 MB.

Unloading 40 unused Assets to reduce memory usage. Loaded Objects now: 3550.
Total: 6.234300 ms (FindLiveObjects: 0.778300 ms CreateObjectMapping: 0.224300 ms MarkObjects: 3.094100 ms  DeleteObjects: 2.133000 ms)

========================================================================
Received Prepare
Registering precompiled user dll's ...
Registered in 0.001096 seconds.
Begin MonoManager ReloadAssembly
Native extension for WindowsStandalone target not found
Refreshing native plugins compatible for Editor in 0.48 ms, found 0 plugins.
Preloading 0 native plugins for Editor in 0.00 ms.
Warning: Annotation not found!
UnityEngine.StackTraceUtility:ExtractStackTrace ()
UnityEditor.ProBuilder.EditorUtility:SetGizmoIconEnabled (System.Type,bool) (at Library/PackageCache/com.unity.probuilder@4.5.0/Editor/EditorCore/EditorUtility.cs:593)
UnityEditor.ProBuilder.HierarchyListener:.cctor () (at Library/PackageCache/com.unity.probuilder@4.5.0/Editor/EditorCore/HierarchyListener.cs:21)
System.Runtime.CompilerServices.RuntimeHelpers:RunClassConstructor (System.RuntimeTypeHandle)
UnityEditor.EditorAssemblies:ProcessInitializeOnLoadAttributes (System.Type[])

[Library/PackageCache/com.unity.probuilder@4.5.0/Editor/EditorCore/EditorUtility.cs line 593]

Invoked RoslynAnalysisRunner static constructor.
RoslynAnalysisRunner will not be running.
RoslynAnalysisRunner has terminated.
Mono: successfully reloaded assembly
- Completed reload, in  0.904 seconds
Platform modules already initialized, skipping
Shader 'Universal Render Pipeline/Particles/Lit': fallback shader 'Universal Render Pipeline/Particles/SimpleLit' not found
Shader 'Universal Render Pipeline/Particles/Lit': fallback shader 'Universal Render Pipeline/Particles/SimpleLit' not found
Refreshing native plugins compatible for Editor in 0.48 ms, found 0 plugins.
Preloading 0 native plugins for Editor in 0.00 ms.
Unloading 3007 Unused Serialized files (Serialized files now loaded: 0)
System memory in use before: 146.2 MB.
System memory in use after: 144.4 MB.

Unloading 40 unused Assets to reduce memory usage. Loaded Objects now: 3553.
Total: 3.616300 ms (FindLiveObjects: 0.341000 ms CreateObjectMapping: 0.164600 ms MarkObjects: 1.974000 ms  DeleteObjects: 1.135500 ms)

========================================================================
Received Prepare
Registering precompiled user dll's ...
Registered in 0.001155 seconds.
Begin MonoManager ReloadAssembly
Native extension for WindowsStandalone target not found
Refreshing native plugins compatible for Editor in 0.47 ms, found 0 plugins.
Preloading 0 native plugins for Editor in 0.00 ms.
Warning: Annotation not found!
UnityEngine.StackTraceUtility:ExtractStackTrace ()
UnityEditor.ProBuilder.EditorUtility:SetGizmoIconEnabled (System.Type,bool) (at Library/PackageCache/com.unity.probuilder@4.5.0/Editor/EditorCore/EditorUtility.cs:593)
UnityEditor.ProBuilder.HierarchyListener:.cctor () (at Library/PackageCache/com.unity.probuilder@4.5.0/Editor/EditorCore/HierarchyListener.cs:21)
System.Runtime.CompilerServices.RuntimeHelpers:RunClassConstructor (System.RuntimeTypeHandle)
UnityEditor.EditorAssemblies:ProcessInitializeOnLoadAttributes (System.Type[])

[Library/PackageCache/com.unity.probuilder@4.5.0/Editor/EditorCore/EditorUtility.cs line 593]

Invoked RoslynAnalysisRunner static constructor.
RoslynAnalysisRunner will not be running.
RoslynAnalysisRunner has terminated.
Mono: successfully reloaded assembly
- Completed reload, in  0.838 seconds
Platform modules already initialized, skipping
Shader 'Universal Render Pipeline/Particles/Lit': fallback shader 'Universal Render Pipeline/Particles/SimpleLit' not found
Shader 'Universal Render Pipeline/Particles/Lit': fallback shader 'Universal Render Pipeline/Particles/SimpleLit' not found
Refreshing native plugins compatible for Editor in 2.92 ms, found 0 plugins.
Preloading 0 native plugins for Editor in 0.00 ms.
Unloading 3007 Unused Serialized files (Serialized files now loaded: 0)
System memory in use before: 146.2 MB.
System memory in use after: 144.4 MB.

Unloading 40 unused Assets to reduce memory usage. Loaded Objects now: 3556.
Total: 3.623000 ms (FindLiveObjects: 0.303800 ms CreateObjectMapping: 0.147000 ms MarkObjects: 2.026300 ms  DeleteObjects: 1.144600 ms)

========================================================================
Received Prepare
Registering precompiled user dll's ...
Registered in 0.001140 seconds.
Begin MonoManager ReloadAssembly
Native extension for WindowsStandalone target not found
Refreshing native plugins compatible for Editor in 0.48 ms, found 0 plugins.
Preloading 0 native plugins for Editor in 0.00 ms.
Warning: Annotation not found!
UnityEngine.StackTraceUtility:ExtractStackTrace ()
UnityEditor.ProBuilder.EditorUtility:SetGizmoIconEnabled (System.Type,bool) (at Library/PackageCache/com.unity.probuilder@4.5.0/Editor/EditorCore/EditorUtility.cs:593)
UnityEditor.ProBuilder.HierarchyListener:.cctor () (at Library/PackageCache/com.unity.probuilder@4.5.0/Editor/EditorCore/HierarchyListener.cs:21)
System.Runtime.CompilerServices.RuntimeHelpers:RunClassConstructor (System.RuntimeTypeHandle)
UnityEditor.EditorAssemblies:ProcessInitializeOnLoadAttributes (System.Type[])

[Library/PackageCache/com.unity.probuilder@4.5.0/Editor/EditorCore/EditorUtility.cs line 593]

Invoked RoslynAnalysisRunner static constructor.
RoslynAnalysisRunner will not be running.
RoslynAnalysisRunner has terminated.
Mono: successfully reloaded assembly
- Completed reload, in  0.847 seconds
Platform modules already initialized, skipping
Shader 'Universal Render Pipeline/Particles/Lit': fallback shader 'Universal Render Pipeline/Particles/SimpleLit' not found
Shader 'Universal Render Pipeline/Particles/Lit': fallback shader 'Universal Render Pipeline/Particles/SimpleLit' not found
Refreshing native plugins compatible for Editor in 0.72 ms, found 0 plugins.
Preloading 0 native plugins for Editor in 0.00 ms.
Unloading 3007 Unused Serialized files (Serialized files now loaded: 0)
System memory in use before: 146.3 MB.
System memory in use after: 144.4 MB.

Unloading 40 unused Assets to reduce memory usage. Loaded Objects now: 3559.
Total: 4.698000 ms (FindLiveObjects: 0.652500 ms CreateObjectMapping: 0.168700 ms MarkObjects: 2.306200 ms  DeleteObjects: 1.569000 ms)

========================================================================
Received Prepare
Registering precompiled user dll's ...
Registered in 0.001105 seconds.
Begin MonoManager ReloadAssembly
Native extension for WindowsStandalone target not found
Refreshing native plugins compatible for Editor in 0.48 ms, found 0 plugins.
Preloading 0 native plugins for Editor in 0.00 ms.
Warning: Annotation not found!
UnityEngine.StackTraceUtility:ExtractStackTrace ()
UnityEditor.ProBuilder.EditorUtility:SetGizmoIconEnabled (System.Type,bool) (at Library/PackageCache/com.unity.probuilder@4.5.0/Editor/EditorCore/EditorUtility.cs:593)
UnityEditor.ProBuilder.HierarchyListener:.cctor () (at Library/PackageCache/com.unity.probuilder@4.5.0/Editor/EditorCore/HierarchyListener.cs:21)
System.Runtime.CompilerServices.RuntimeHelpers:RunClassConstructor (System.RuntimeTypeHandle)
UnityEditor.EditorAssemblies:ProcessInitializeOnLoadAttributes (System.Type[])

[Library/PackageCache/com.unity.probuilder@4.5.0/Editor/EditorCore/EditorUtility.cs line 593]

Invoked RoslynAnalysisRunner static constructor.
RoslynAnalysisRunner will not be running.
RoslynAnalysisRunner has terminated.
Mono: successfully reloaded assembly
- Completed reload, in  0.876 seconds
Platform modules already initialized, skipping
Shader 'Universal Render Pipeline/Particles/Lit': fallback shader 'Universal Render Pipeline/Particles/SimpleLit' not found
Shader 'Universal Render Pipeline/Particles/Lit': fallback shader 'Universal Render Pipeline/Particles/SimpleLit' not found
Refreshing native plugins compatible for Editor in 0.56 ms, found 0 plugins.
Preloading 0 native plugins for Editor in 0.00 ms.
Unloading 3007 Unused Serialized files (Serialized files now loaded: 0)
System memory in use before: 146.3 MB.
System memory in use after: 144.4 MB.

Unloading 40 unused Assets to reduce memory usage. Loaded Objects now: 3562.
Total: 8.579400 ms (FindLiveObjects: 0.743400 ms CreateObjectMapping: 0.474900 ms MarkObjects: 5.288200 ms  DeleteObjects: 2.070500 ms)

========================================================================
Received Prepare
Registering precompiled user dll's ...
Registered in 0.001138 seconds.
Begin MonoManager ReloadAssembly
Native extension for WindowsStandalone target not found
Refreshing native plugins compatible for Editor in 0.51 ms, found 0 plugins.
Preloading 0 native plugins for Editor in 0.00 ms.
Warning: Annotation not found!
UnityEngine.StackTraceUtility:ExtractStackTrace ()
UnityEditor.ProBuilder.EditorUtility:SetGizmoIconEnabled (System.Type,bool) (at Library/PackageCache/com.unity.probuilder@4.5.0/Editor/EditorCore/EditorUtility.cs:593)
UnityEditor.ProBuilder.HierarchyListener:.cctor () (at Library/PackageCache/com.unity.probuilder@4.5.0/Editor/EditorCore/HierarchyListener.cs:21)
System.Runtime.CompilerServices.RuntimeHelpers:RunClassConstructor (System.RuntimeTypeHandle)
UnityEditor.EditorAssemblies:ProcessInitializeOnLoadAttributes (System.Type[])

[Library/PackageCache/com.unity.probuilder@4.5.0/Editor/EditorCore/EditorUtility.cs line 593]

Invoked RoslynAnalysisRunner static constructor.
RoslynAnalysisRunner will not be running.
RoslynAnalysisRunner has terminated.
Mono: successfully reloaded assembly
- Completed reload, in  0.898 seconds
Platform modules already initialized, skipping
Shader 'Universal Render Pipeline/Particles/Lit': fallback shader 'Universal Render Pipeline/Particles/SimpleLit' not found
Shader 'Universal Render Pipeline/Particles/Lit': fallback shader 'Universal Render Pipeline/Particles/SimpleLit' not found
Refreshing native plugins compatible for Editor in 0.48 ms, found 0 plugins.
Preloading 0 native plugins for Editor in 0.00 ms.
Unloading 3007 Unused Serialized files (Serialized files now loaded: 0)
System memory in use before: 146.3 MB.
System memory in use after: 144.4 MB.

Unloading 40 unused Assets to reduce memory usage. Loaded Objects now: 3565.
Total: 4.054600 ms (FindLiveObjects: 0.304600 ms CreateObjectMapping: 0.163800 ms MarkObjects: 2.311500 ms  DeleteObjects: 1.273700 ms)

========================================================================
Received Prepare
Registering precompiled user dll's ...
Registered in 0.001331 seconds.
Begin MonoManager ReloadAssembly
Native extension for WindowsStandalone target not found
Refreshing native plugins compatible for Editor in 0.50 ms, found 0 plugins.
Preloading 0 native plugins for Editor in 0.00 ms.
Warning: Annotation not found!
UnityEngine.StackTraceUtility:ExtractStackTrace ()
UnityEditor.ProBuilder.EditorUtility:SetGizmoIconEnabled (System.Type,bool) (at Library/PackageCache/com.unity.probuilder@4.5.0/Editor/EditorCore/EditorUtility.cs:593)
UnityEditor.ProBuilder.HierarchyListener:.cctor () (at Library/PackageCache/com.unity.probuilder@4.5.0/Editor/EditorCore/HierarchyListener.cs:21)
System.Runtime.CompilerServices.RuntimeHelpers:RunClassConstructor (System.RuntimeTypeHandle)
UnityEditor.EditorAssemblies:ProcessInitializeOnLoadAttributes (System.Type[])

[Library/PackageCache/com.unity.probuilder@4.5.0/Editor/EditorCore/EditorUtility.cs line 593]

Invoked RoslynAnalysisRunner static constructor.
RoslynAnalysisRunner will not be running.
RoslynAnalysisRunner has terminated.
Mono: successfully reloaded assembly
- Completed reload, in  1.073 seconds
Platform modules already initialized, skipping
Shader 'Universal Render Pipeline/Particles/Lit': fallback shader 'Universal Render Pipeline/Particles/SimpleLit' not found
Shader 'Universal Render Pipeline/Particles/Lit': fallback shader 'Universal Render Pipeline/Particles/SimpleLit' not found
Refreshing native plugins compatible for Editor in 0.52 ms, found 0 plugins.
Preloading 0 native plugins for Editor in 0.00 ms.
Unloading 3007 Unused Serialized files (Serialized files now loaded: 0)
System memory in use before: 146.3 MB.
System memory in use after: 144.4 MB.

Unloading 40 unused Assets to reduce memory usage. Loaded Objects now: 3568.
Total: 3.912000 ms (FindLiveObjects: 0.333600 ms CreateObjectMapping: 0.163400 ms MarkObjects: 2.234100 ms  DeleteObjects: 1.179300 ms)

========================================================================
Received Prepare
Registering precompiled user dll's ...
Registered in 0.001147 seconds.
Begin MonoManager ReloadAssembly
Native extension for WindowsStandalone target not found
Refreshing native plugins compatible for Editor in 0.53 ms, found 0 plugins.
Preloading 0 native plugins for Editor in 0.00 ms.
Warning: Annotation not found!
UnityEngine.StackTraceUtility:ExtractStackTrace ()
UnityEditor.ProBuilder.EditorUtility:SetGizmoIconEnabled (System.Type,bool) (at Library/PackageCache/com.unity.probuilder@4.5.0/Editor/EditorCore/EditorUtility.cs:593)
UnityEditor.ProBuilder.HierarchyListener:.cctor () (at Library/PackageCache/com.unity.probuilder@4.5.0/Editor/EditorCore/HierarchyListener.cs:21)
System.Runtime.CompilerServices.RuntimeHelpers:RunClassConstructor (System.RuntimeTypeHandle)
UnityEditor.EditorAssemblies:ProcessInitializeOnLoadAttributes (System.Type[])

[Library/PackageCache/com.unity.probuilder@4.5.0/Editor/EditorCore/EditorUtility.cs line 593]

Invoked RoslynAnalysisRunner static constructor.
RoslynAnalysisRunner will not be running.
RoslynAnalysisRunner has terminated.
Mono: successfully reloaded assembly
- Completed reload, in  0.963 seconds
Platform modules already initialized, skipping
Shader 'Universal Render Pipeline/Particles/Lit': fallback shader 'Universal Render Pipeline/Particles/SimpleLit' not found
Shader 'Universal Render Pipeline/Particles/Lit': fallback shader 'Universal Render Pipeline/Particles/SimpleLit' not found
Refreshing native plugins compatible for Editor in 0.51 ms, found 0 plugins.
Preloading 0 native plugins for Editor in 0.00 ms.
Unloading 3007 Unused Serialized files (Serialized files now loaded: 0)
System memory in use before: 146.3 MB.
System memory in use after: 144.4 MB.

Unloading 40 unused Assets to reduce memory usage. Loaded Objects now: 3571.
Total: 4.122200 ms (FindLiveObjects: 0.497200 ms CreateObjectMapping: 0.180900 ms MarkObjects: 2.161500 ms  DeleteObjects: 1.281600 ms)

========================================================================
Received Import Request.
  Time since last request: 7978.370901 seconds.
  path: Assets/Stages/Tank Canyon/Tank/Tank.prefab
  artifactKey: Guid(fe6e06a7ea812e245b9e4ee46a1cbc9e) Importer(815301076,1909f56bfc062723c751e8b465ee728b)
Start importing Assets/Stages/Tank Canyon/Tank/Tank.prefab using Guid(fe6e06a7ea812e245b9e4ee46a1cbc9e) Importer(815301076,1909f56bfc062723c751e8b465ee728b)  -> (artifact id: '70d5aa8480a235309ac12fd47a35eaae') in 0.428964 seconds
  Import took 0.469757 seconds .

========================================================================
Received Import Request.
  Time since last request: 4.001103 seconds.
  path: Assets/Stages/Tank Canyon/Tank/Sounds
  artifactKey: Guid(9e53733d0b2b0384594b38ee9586c766) Importer(815301076,1909f56bfc062723c751e8b465ee728b)
Start importing Assets/Stages/Tank Canyon/Tank/Sounds using Guid(9e53733d0b2b0384594b38ee9586c766) Importer(815301076,1909f56bfc062723c751e8b465ee728b)  -> (artifact id: '02f61b5063635e92908c318d13e6f1bb') in 0.006584 seconds
  Import took 0.021087 seconds .

========================================================================
Received Import Request.
  Time since last request: 20.410878 seconds.
  path: Assets/Stages/Tank Canyon/Tank/Sounds/smartsound_TRANSPORTATION_TANK_Small_Tracks_Rattle_Fast_01.mp3
  artifactKey: Guid(8c4d483a25e0fd24ba144470504fb689) Importer(815301076,1909f56bfc062723c751e8b465ee728b)
Start importing Assets/Stages/Tank Canyon/Tank/Sounds/smartsound_TRANSPORTATION_TANK_Small_Tracks_Rattle_Fast_01.mp3 using Guid(8c4d483a25e0fd24ba144470504fb689) Importer(815301076,1909f56bfc062723c751e8b465ee728b)  -> (artifact id: '25bc93dceb2a9b7c87a518341639d45e') in 0.083961 seconds
  Import took 0.117861 seconds .

========================================================================
Received Import Request.
  Time since last request: 0.000261 seconds.
  path: Assets/Stages/Tank Canyon/Tank/Sounds/smartsound_TRANSPORTATION_TANK_Small_Tracks_Rattle_Slow_01.mp3
  artifactKey: Guid(5cff2708217678c4bb4556e9fe3feb49) Importer(815301076,1909f56bfc062723c751e8b465ee728b)
Start importing Assets/Stages/Tank Canyon/Tank/Sounds/smartsound_TRANSPORTATION_TANK_Small_Tracks_Rattle_Slow_01.mp3 using Guid(5cff2708217678c4bb4556e9fe3feb49) Importer(815301076,1909f56bfc062723c751e8b465ee728b)  -> (artifact id: 'ff98878abc9f4def2502a4acaa710bc0') in 0.019696 seconds
  Import took 0.035560 seconds .

========================================================================
Received Import Request.
  Time since last request: 0.000168 seconds.
  path: Assets/Stages/Tank Canyon/Tank/Sounds/smartsound_TRANSPORTATION_TANK_Small_Tracks_Rattle_Fast_01.mp3
  artifactKey: Guid(8c4d483a25e0fd24ba144470504fb689) Importer(815301076,1909f56bfc062723c751e8b465ee728b)
Start importing Assets/Stages/Tank Canyon/Tank/Sounds/smartsound_TRANSPORTATION_TANK_Small_Tracks_Rattle_Fast_01.mp3 using Guid(8c4d483a25e0fd24ba144470504fb689) Importer(815301076,1909f56bfc062723c751e8b465ee728b)  -> (artifact id: '25bc93dceb2a9b7c87a518341639d45e') in 0.014497 seconds
  Import took 0.019636 seconds .

========================================================================
Received Import Request.
  Time since last request: 0.000191 seconds.
  path: Assets/Stages/Tank Canyon/Tank/Sounds/smartsound_TRANSPORTATION_TANK_Small_Tracks_Rattle_Medium_01.mp3
  artifactKey: Guid(996faef574e080948b5b234ec55a057b) Importer(815301076,1909f56bfc062723c751e8b465ee728b)
Start importing Assets/Stages/Tank Canyon/Tank/Sounds/smartsound_TRANSPORTATION_TANK_Small_Tracks_Rattle_Medium_01.mp3 using Guid(996faef574e080948b5b234ec55a057b) Importer(815301076,1909f56bfc062723c751e8b465ee728b)  -> (artifact id: '552d67bd7ac2812c3b7a391cfe63cb2e') in 0.021663 seconds
  Import took 0.044701 seconds .

========================================================================
Received Import Request.
  Time since last request: 7.211638 seconds.
  path: Assets/Stages/Tank Canyon/Tank/Sounds/smartsound_TRANSPORTATION_TANK_Small_Tracks_Rattle_Fast_01.mp3
  artifactKey: Guid(8c4d483a25e0fd24ba144470504fb689) Importer(815301076,1909f56bfc062723c751e8b465ee728b)
Start importing Assets/Stages/Tank Canyon/Tank/Sounds/smartsound_TRANSPORTATION_TANK_Small_Tracks_Rattle_Fast_01.mp3 using Guid(8c4d483a25e0fd24ba144470504fb689) Importer(815301076,1909f56bfc062723c751e8b465ee728b)  -> (artifact id: 'a75c9882aeb6497f8925b24fec1586cb') in 0.018834 seconds
  Import took 0.029010 seconds .

========================================================================
Received Import Request.
  Time since last request: 0.000188 seconds.
  path: Assets/Stages/Tank Canyon/Tank/Sounds/smartsound_TRANSPORTATION_TANK_Small_Tracks_Rattle_Slow_01.mp3
  artifactKey: Guid(5cff2708217678c4bb4556e9fe3feb49) Importer(815301076,1909f56bfc062723c751e8b465ee728b)
Start importing Assets/Stages/Tank Canyon/Tank/Sounds/smartsound_TRANSPORTATION_TANK_Small_Tracks_Rattle_Slow_01.mp3 using Guid(5cff2708217678c4bb4556e9fe3feb49) Importer(815301076,1909f56bfc062723c751e8b465ee728b)  -> (artifact id: '5064a88a123597d8098dc732e22d7015') in 0.026371 seconds
  Import took 0.062093 seconds .

========================================================================
Received Import Request.
  Time since last request: 0.000176 seconds.
  path: Assets/Stages/Tank Canyon/Tank/Sounds/smartsound_TRANSPORTATION_TANK_Small_Tracks_Rattle_Medium_01.mp3
  artifactKey: Guid(996faef574e080948b5b234ec55a057b) Importer(815301076,1909f56bfc062723c751e8b465ee728b)
Start importing Assets/Stages/Tank Canyon/Tank/Sounds/smartsound_TRANSPORTATION_TANK_Small_Tracks_Rattle_Medium_01.mp3 using Guid(996faef574e080948b5b234ec55a057b) Importer(815301076,1909f56bfc062723c751e8b465ee728b)  -> (artifact id: 'c4689fedb1ab31f810a7715619e2d361') in 0.011788 seconds
  Import took 0.023741 seconds .

========================================================================
Received Import Request.
  Time since last request: 659.292972 seconds.
  path: Assets/Stages/Tank Canyon/Tank/Sounds/zapsplat_warfare_tank_matilda_mrk_2_1939_engine_idle_close_up_above_ext_25191.mp3
  artifactKey: Guid(c6a9b1ed7cbc22447bfd807d39010730) Importer(815301076,1909f56bfc062723c751e8b465ee728b)
Start importing Assets/Stages/Tank Canyon/Tank/Sounds/zapsplat_warfare_tank_matilda_mrk_2_1939_engine_idle_close_up_above_ext_25191.mp3 using Guid(c6a9b1ed7cbc22447bfd807d39010730) Importer(815301076,1909f56bfc062723c751e8b465ee728b)  -> (artifact id: '0d3cbf20f85ce4d15e418cc7e2287ecd') in 0.017547 seconds
  Import took 0.022996 seconds .

========================================================================
Received Import Request.
  Time since last request: 3.166139 seconds.
  path: Assets/Stages/Tank Canyon/Tank/Sounds/zapsplat_warfare_tank_matilda_mrk_2_1939_engine_idle_close_up_above_ext_25191.mp3
  artifactKey: Guid(c6a9b1ed7cbc22447bfd807d39010730) Importer(815301076,1909f56bfc062723c751e8b465ee728b)
Start importing Assets/Stages/Tank Canyon/Tank/Sounds/zapsplat_warfare_tank_matilda_mrk_2_1939_engine_idle_close_up_above_ext_25191.mp3 using Guid(c6a9b1ed7cbc22447bfd807d39010730) Importer(815301076,1909f56bfc062723c751e8b465ee728b)  -> (artifact id: '85795a1dfafac497ead96b5e4d3895b6') in 0.013524 seconds
  Import took 0.023919 seconds .

========================================================================
Received Import Request.
  Time since last request: 66.270915 seconds.
  path: Assets/Stages/Tank Canyon/Tank/Sounds/Tank Firing-SoundBible.com-998264747.wav
  artifactKey: Guid(64c8f45f41e657f40b60d9af127daf79) Importer(815301076,1909f56bfc062723c751e8b465ee728b)
Start importing Assets/Stages/Tank Canyon/Tank/Sounds/Tank Firing-SoundBible.com-998264747.wav using Guid(64c8f45f41e657f40b60d9af127daf79) Importer(815301076,1909f56bfc062723c751e8b465ee728b)  -> (artifact id: '350f9480d0a493908ce4e466cec8c3c4') in 0.021815 seconds
  Import took 0.048918 seconds .

========================================================================
Received Import Request.
  Time since last request: 3.401275 seconds.
  path: Assets/Stages/Tank Canyon/Tank/Sounds/Tank Firing-SoundBible.com-998264747.wav
  artifactKey: Guid(64c8f45f41e657f40b60d9af127daf79) Importer(815301076,1909f56bfc062723c751e8b465ee728b)
Start importing Assets/Stages/Tank Canyon/Tank/Sounds/Tank Firing-SoundBible.com-998264747.wav using Guid(64c8f45f41e657f40b60d9af127daf79) Importer(815301076,1909f56bfc062723c751e8b465ee728b)  -> (artifact id: 'e6d7777668045ad46fcd77012d311682') in 0.014645 seconds
  Import took 0.038540 seconds .

========================================================================
Received Prepare
Registering precompiled user dll's ...
Registered in 0.001128 seconds.
Begin MonoManager ReloadAssembly
Native extension for WindowsStandalone target not found
Refreshing native plugins compatible for Editor in 0.49 ms, found 0 plugins.
Preloading 0 native plugins for Editor in 0.00 ms.
Warning: Annotation not found!
UnityEngine.StackTraceUtility:ExtractStackTrace ()
UnityEditor.ProBuilder.EditorUtility:SetGizmoIconEnabled (System.Type,bool) (at Library/PackageCache/com.unity.probuilder@4.5.0/Editor/EditorCore/EditorUtility.cs:593)
UnityEditor.ProBuilder.HierarchyListener:.cctor () (at Library/PackageCache/com.unity.probuilder@4.5.0/Editor/EditorCore/HierarchyListener.cs:21)
System.Runtime.CompilerServices.RuntimeHelpers:RunClassConstructor (System.RuntimeTypeHandle)
UnityEditor.EditorAssemblies:ProcessInitializeOnLoadAttributes (System.Type[])

[Library/PackageCache/com.unity.probuilder@4.5.0/Editor/EditorCore/EditorUtility.cs line 593]

Invoked RoslynAnalysisRunner static constructor.
RoslynAnalysisRunner will not be running.
RoslynAnalysisRunner has terminated.
Mono: successfully reloaded assembly
- Completed reload, in  0.911 seconds
Platform modules already initialized, skipping
Shader 'Universal Render Pipeline/Particles/Lit': fallback shader 'Universal Render Pipeline/Particles/SimpleLit' not found
Shader 'Universal Render Pipeline/Particles/Lit': fallback shader 'Universal Render Pipeline/Particles/SimpleLit' not found
Refreshing native plugins compatible for Editor in 0.59 ms, found 0 plugins.
Preloading 0 native plugins for Editor in 0.00 ms.
Unloading 3007 Unused Serialized files (Serialized files now loaded: 0)
System memory in use before: 151.1 MB.
System memory in use after: 149.2 MB.

Unloading 40 unused Assets to reduce memory usage. Loaded Objects now: 3621.
Total: 3.738600 ms (FindLiveObjects: 0.408700 ms CreateObjectMapping: 0.164500 ms MarkObjects: 2.105200 ms  DeleteObjects: 1.059100 ms)

========================================================================
Received Prepare
Registering precompiled user dll's ...
Registered in 0.001528 seconds.
Begin MonoManager ReloadAssembly
Native extension for WindowsStandalone target not found
Refreshing native plugins compatible for Editor in 0.48 ms, found 0 plugins.
Preloading 0 native plugins for Editor in 0.00 ms.
Warning: Annotation not found!
UnityEngine.StackTraceUtility:ExtractStackTrace ()
UnityEditor.ProBuilder.EditorUtility:SetGizmoIconEnabled (System.Type,bool) (at Library/PackageCache/com.unity.probuilder@4.5.0/Editor/EditorCore/EditorUtility.cs:593)
UnityEditor.ProBuilder.HierarchyListener:.cctor () (at Library/PackageCache/com.unity.probuilder@4.5.0/Editor/EditorCore/HierarchyListener.cs:21)
System.Runtime.CompilerServices.RuntimeHelpers:RunClassConstructor (System.RuntimeTypeHandle)
UnityEditor.EditorAssemblies:ProcessInitializeOnLoadAttributes (System.Type[])

[Library/PackageCache/com.unity.probuilder@4.5.0/Editor/EditorCore/EditorUtility.cs line 593]

Invoked RoslynAnalysisRunner static constructor.
RoslynAnalysisRunner will not be running.
RoslynAnalysisRunner has terminated.
Mono: successfully reloaded assembly
- Completed reload, in  0.884 seconds
Platform modules already initialized, skipping
Shader 'Universal Render Pipeline/Particles/Lit': fallback shader 'Universal Render Pipeline/Particles/SimpleLit' not found
Shader 'Universal Render Pipeline/Particles/Lit': fallback shader 'Universal Render Pipeline/Particles/SimpleLit' not found
Refreshing native plugins compatible for Editor in 0.49 ms, found 0 plugins.
Preloading 0 native plugins for Editor in 0.00 ms.
Unloading 3007 Unused Serialized files (Serialized files now loaded: 0)
System memory in use before: 151.0 MB.
System memory in use after: 149.2 MB.

Unloading 40 unused Assets to reduce memory usage. Loaded Objects now: 3624.
Total: 3.968600 ms (FindLiveObjects: 0.336300 ms CreateObjectMapping: 0.221400 ms MarkObjects: 2.225400 ms  DeleteObjects: 1.184600 ms)

========================================================================
Received Prepare
Registering precompiled user dll's ...
Registered in 0.001110 seconds.
Begin MonoManager ReloadAssembly
Native extension for WindowsStandalone target not found
Refreshing native plugins compatible for Editor in 0.50 ms, found 0 plugins.
Preloading 0 native plugins for Editor in 0.00 ms.
Warning: Annotation not found!
UnityEngine.StackTraceUtility:ExtractStackTrace ()
UnityEditor.ProBuilder.EditorUtility:SetGizmoIconEnabled (System.Type,bool) (at Library/PackageCache/com.unity.probuilder@4.5.0/Editor/EditorCore/EditorUtility.cs:593)
UnityEditor.ProBuilder.HierarchyListener:.cctor () (at Library/PackageCache/com.unity.probuilder@4.5.0/Editor/EditorCore/HierarchyListener.cs:21)
System.Runtime.CompilerServices.RuntimeHelpers:RunClassConstructor (System.RuntimeTypeHandle)
UnityEditor.EditorAssemblies:ProcessInitializeOnLoadAttributes (System.Type[])

[Library/PackageCache/com.unity.probuilder@4.5.0/Editor/EditorCore/EditorUtility.cs line 593]

Invoked RoslynAnalysisRunner static constructor.
RoslynAnalysisRunner will not be running.
RoslynAnalysisRunner has terminated.
Mono: successfully reloaded assembly
- Completed reload, in  0.959 seconds
Platform modules already initialized, skipping
Shader 'Universal Render Pipeline/Particles/Lit': fallback shader 'Universal Render Pipeline/Particles/SimpleLit' not found
Shader 'Universal Render Pipeline/Particles/Lit': fallback shader 'Universal Render Pipeline/Particles/SimpleLit' not found
Refreshing native plugins compatible for Editor in 0.48 ms, found 0 plugins.
Preloading 0 native plugins for Editor in 0.00 ms.
Unloading 3007 Unused Serialized files (Serialized files now loaded: 0)
System memory in use before: 151.1 MB.
System memory in use after: 149.2 MB.

Unloading 40 unused Assets to reduce memory usage. Loaded Objects now: 3627.
Total: 4.321900 ms (FindLiveObjects: 0.383500 ms CreateObjectMapping: 0.201800 ms MarkObjects: 2.548200 ms  DeleteObjects: 1.187100 ms)

========================================================================
Received Prepare
Registering precompiled user dll's ...
Registered in 0.001184 seconds.
Begin MonoManager ReloadAssembly
Native extension for WindowsStandalone target not found
Refreshing native plugins compatible for Editor in 0.51 ms, found 0 plugins.
Preloading 0 native plugins for Editor in 0.00 ms.
Warning: Annotation not found!
UnityEngine.StackTraceUtility:ExtractStackTrace ()
UnityEditor.ProBuilder.EditorUtility:SetGizmoIconEnabled (System.Type,bool) (at Library/PackageCache/com.unity.probuilder@4.5.0/Editor/EditorCore/EditorUtility.cs:593)
UnityEditor.ProBuilder.HierarchyListener:.cctor () (at Library/PackageCache/com.unity.probuilder@4.5.0/Editor/EditorCore/HierarchyListener.cs:21)
System.Runtime.CompilerServices.RuntimeHelpers:RunClassConstructor (System.RuntimeTypeHandle)
UnityEditor.EditorAssemblies:ProcessInitializeOnLoadAttributes (System.Type[])

[Library/PackageCache/com.unity.probuilder@4.5.0/Editor/EditorCore/EditorUtility.cs line 593]

Invoked RoslynAnalysisRunner static constructor.
RoslynAnalysisRunner will not be running.
RoslynAnalysisRunner has terminated.
Mono: successfully reloaded assembly
- Completed reload, in  0.985 seconds
Platform modules already initialized, skipping
Shader 'Universal Render Pipeline/Particles/Lit': fallback shader 'Universal Render Pipeline/Particles/SimpleLit' not found
Shader 'Universal Render Pipeline/Particles/Lit': fallback shader 'Universal Render Pipeline/Particles/SimpleLit' not found
Refreshing native plugins compatible for Editor in 0.48 ms, found 0 plugins.
Preloading 0 native plugins for Editor in 0.00 ms.
Unloading 3007 Unused Serialized files (Serialized files now loaded: 0)
System memory in use before: 151.1 MB.
System memory in use after: 149.2 MB.

Unloading 40 unused Assets to reduce memory usage. Loaded Objects now: 3630.
Total: 4.830900 ms (FindLiveObjects: 0.407200 ms CreateObjectMapping: 0.207200 ms MarkObjects: 2.679000 ms  DeleteObjects: 1.536100 ms)

========================================================================
Received Prepare
Registering precompiled user dll's ...
Registered in 0.001263 seconds.
Begin MonoManager ReloadAssembly
Native extension for WindowsStandalone target not found
Refreshing native plugins compatible for Editor in 0.55 ms, found 0 plugins.
Preloading 0 native plugins for Editor in 0.00 ms.
Warning: Annotation not found!
UnityEngine.StackTraceUtility:ExtractStackTrace ()
UnityEditor.ProBuilder.EditorUtility:SetGizmoIconEnabled (System.Type,bool) (at Library/PackageCache/com.unity.probuilder@4.5.0/Editor/EditorCore/EditorUtility.cs:593)
UnityEditor.ProBuilder.HierarchyListener:.cctor () (at Library/PackageCache/com.unity.probuilder@4.5.0/Editor/EditorCore/HierarchyListener.cs:21)
System.Runtime.CompilerServices.RuntimeHelpers:RunClassConstructor (System.RuntimeTypeHandle)
UnityEditor.EditorAssemblies:ProcessInitializeOnLoadAttributes (System.Type[])

[Library/PackageCache/com.unity.probuilder@4.5.0/Editor/EditorCore/EditorUtility.cs line 593]

Invoked RoslynAnalysisRunner static constructor.
RoslynAnalysisRunner will not be running.
RoslynAnalysisRunner has terminated.
Mono: successfully reloaded assembly
- Completed reload, in  0.938 seconds
Platform modules already initialized, skipping
Shader 'Universal Render Pipeline/Particles/Lit': fallback shader 'Universal Render Pipeline/Particles/SimpleLit' not found
Shader 'Universal Render Pipeline/Particles/Lit': fallback shader 'Universal Render Pipeline/Particles/SimpleLit' not found
Refreshing native plugins compatible for Editor in 0.65 ms, found 0 plugins.
Preloading 0 native plugins for Editor in 0.00 ms.
Unloading 3007 Unused Serialized files (Serialized files now loaded: 0)
System memory in use before: 151.1 MB.
System memory in use after: 149.2 MB.

Unloading 40 unused Assets to reduce memory usage. Loaded Objects now: 3633.
Total: 7.505300 ms (FindLiveObjects: 0.851800 ms CreateObjectMapping: 0.424800 ms MarkObjects: 4.296900 ms  DeleteObjects: 1.930600 ms)

========================================================================
Received Prepare
Registering precompiled user dll's ...
Registered in 0.001159 seconds.
Begin MonoManager ReloadAssembly
Native extension for WindowsStandalone target not found
Refreshing native plugins compatible for Editor in 0.50 ms, found 0 plugins.
Preloading 0 native plugins for Editor in 0.00 ms.
Warning: Annotation not found!
UnityEngine.StackTraceUtility:ExtractStackTrace ()
UnityEditor.ProBuilder.EditorUtility:SetGizmoIconEnabled (System.Type,bool) (at Library/PackageCache/com.unity.probuilder@4.5.0/Editor/EditorCore/EditorUtility.cs:593)
UnityEditor.ProBuilder.HierarchyListener:.cctor () (at Library/PackageCache/com.unity.probuilder@4.5.0/Editor/EditorCore/HierarchyListener.cs:21)
System.Runtime.CompilerServices.RuntimeHelpers:RunClassConstructor (System.RuntimeTypeHandle)
UnityEditor.EditorAssemblies:ProcessInitializeOnLoadAttributes (System.Type[])

[Library/PackageCache/com.unity.probuilder@4.5.0/Editor/EditorCore/EditorUtility.cs line 593]

Invoked RoslynAnalysisRunner static constructor.
RoslynAnalysisRunner will not be running.
RoslynAnalysisRunner has terminated.
Mono: successfully reloaded assembly
- Completed reload, in  0.903 seconds
Platform modules already initialized, skipping
Shader 'Universal Render Pipeline/Particles/Lit': fallback shader 'Universal Render Pipeline/Particles/SimpleLit' not found
Shader 'Universal Render Pipeline/Particles/Lit': fallback shader 'Universal Render Pipeline/Particles/SimpleLit' not found
Refreshing native plugins compatible for Editor in 0.56 ms, found 0 plugins.
Preloading 0 native plugins for Editor in 0.00 ms.
Unloading 3007 Unused Serialized files (Serialized files now loaded: 0)
System memory in use before: 151.1 MB.
System memory in use after: 149.2 MB.

Unloading 40 unused Assets to reduce memory usage. Loaded Objects now: 3636.
Total: 4.341400 ms (FindLiveObjects: 0.750700 ms CreateObjectMapping: 0.192800 ms MarkObjects: 2.145100 ms  DeleteObjects: 1.251400 ms)

========================================================================
Received Prepare
Registering precompiled user dll's ...
Registered in 0.001186 seconds.
Begin MonoManager ReloadAssembly
Native extension for WindowsStandalone target not found
Refreshing native plugins compatible for Editor in 0.51 ms, found 0 plugins.
Preloading 0 native plugins for Editor in 0.00 ms.
Warning: Annotation not found!
UnityEngine.StackTraceUtility:ExtractStackTrace ()
UnityEditor.ProBuilder.EditorUtility:SetGizmoIconEnabled (System.Type,bool) (at Library/PackageCache/com.unity.probuilder@4.5.0/Editor/EditorCore/EditorUtility.cs:593)
UnityEditor.ProBuilder.HierarchyListener:.cctor () (at Library/PackageCache/com.unity.probuilder@4.5.0/Editor/EditorCore/HierarchyListener.cs:21)
System.Runtime.CompilerServices.RuntimeHelpers:RunClassConstructor (System.RuntimeTypeHandle)
UnityEditor.EditorAssemblies:ProcessInitializeOnLoadAttributes (System.Type[])

[Library/PackageCache/com.unity.probuilder@4.5.0/Editor/EditorCore/EditorUtility.cs line 593]

Invoked RoslynAnalysisRunner static constructor.
RoslynAnalysisRunner will not be running.
RoslynAnalysisRunner has terminated.
Mono: successfully reloaded assembly
- Completed reload, in  0.938 seconds
Platform modules already initialized, skipping
Shader 'Universal Render Pipeline/Particles/Lit': fallback shader 'Universal Render Pipeline/Particles/SimpleLit' not found
Shader 'Universal Render Pipeline/Particles/Lit': fallback shader 'Universal Render Pipeline/Particles/SimpleLit' not found
Refreshing native plugins compatible for Editor in 0.48 ms, found 0 plugins.
Preloading 0 native plugins for Editor in 0.00 ms.
Unloading 3007 Unused Serialized files (Serialized files now loaded: 0)
System memory in use before: 151.1 MB.
System memory in use after: 149.2 MB.

Unloading 40 unused Assets to reduce memory usage. Loaded Objects now: 3639.
Total: 3.776600 ms (FindLiveObjects: 0.334500 ms CreateObjectMapping: 0.157400 ms MarkObjects: 2.093500 ms  DeleteObjects: 1.190500 ms)

