Using pre-set license
Built from '2020.2/staging' branch; Version is '2020.2.7f1 (c53830e277f1) revision 12924976'; Using compiler version '192528614'; Build Type 'Release'
OS: 'Windows 10 Pro; OS build 19042.985; Version 2009; 64bit' Language: 'en' Physical Memory: 16164 MB
BatchMode: 1, IsHumanControllingUs: 0, StartBugReporterOnCrash: 0, Is64bit: 1, IsPro: 0

 COMMAND LINE ARGUMENTS:
D:\Unity Installs\2020.2.7f1\Editor\Unity.exe
-adb2
-batchMode
-noUpm
-name
AssetImportWorker1
-projectPath
D:/Programming/Unity Projects/ragdoll-race/Ragdoll Race
-logFile
Logs/AssetImportWorker1.log
-srvPort
54477
Successfully changed project path to: D:/Programming/Unity Projects/ragdoll-race/Ragdoll Race
D:/Programming/Unity Projects/ragdoll-race/Ragdoll Race
Using Asset Import Pipeline V2.
Refreshing native plugins compatible for Editor in 57.33 ms, found 0 plugins.
Preloading 0 native plugins for Editor in 0.00 ms.
Initialize engine version: 2020.2.7f1 (c53830e277f1)
[Subsystems] Discovering subsystems at path D:/Unity Installs/2020.2.7f1/Editor/Data/Resources/UnitySubsystems
[Subsystems] Discovering subsystems at path D:/Programming/Unity Projects/ragdoll-race/Ragdoll Race/Assets
GfxDevice: creating device client; threaded=0
Direct3D:
    Version:  Direct3D 11.0 [level 11.1]
    Renderer: NVIDIA GeForce GTX 1650 (ID=0x1f91)
    Vendor:   
    VRAM:     3964 MB
    Driver:   27.21.14.5771
Initialize mono
Mono path[0] = 'D:/Unity Installs/2020.2.7f1/Editor/Data/Managed'
Mono path[1] = 'D:/Unity Installs/2020.2.7f1/Editor/Data/MonoBleedingEdge/lib/mono/unityjit'
Mono config path = 'D:/Unity Installs/2020.2.7f1/Editor/Data/MonoBleedingEdge/etc'
Using monoOptions --debugger-agent=transport=dt_socket,embedding=1,server=y,suspend=n,address=127.0.0.1:56472
Begin MonoManager ReloadAssembly
Registering precompiled unity dll's ...
Register platform support module: D:/Unity Installs/2020.2.7f1/Editor/Data/PlaybackEngines/WindowsStandaloneSupport/UnityEditor.WindowsStandalone.Extensions.dll
Registered in 0.001052 seconds.
Native extension for WindowsStandalone target not found
Refreshing native plugins compatible for Editor in 47.98 ms, found 0 plugins.
Preloading 0 native plugins for Editor in 0.00 ms.
Invoked RoslynAnalysisRunner static constructor.
RoslynAnalysisRunner will not be running.
RoslynAnalysisRunner has terminated.
Mono: successfully reloaded assembly
- Completed reload, in  0.910 seconds
Platform modules already initialized, skipping
Registering precompiled user dll's ...
Registered in 0.000983 seconds.
Begin MonoManager ReloadAssembly
Native extension for WindowsStandalone target not found
Refreshing native plugins compatible for Editor in 49.50 ms, found 0 plugins.
Preloading 0 native plugins for Editor in 0.00 ms.
Invoked RoslynAnalysisRunner static constructor.
RoslynAnalysisRunner will not be running.
RoslynAnalysisRunner has terminated.
Mono: successfully reloaded assembly
- Completed reload, in  0.966 seconds
Platform modules already initialized, skipping
========================================================================
Worker process is ready to serve import requests
Shader 'Universal Render Pipeline/Particles/Lit': fallback shader 'Universal Render Pipeline/Particles/SimpleLit' not found
Shader 'Universal Render Pipeline/Particles/Lit': fallback shader 'Universal Render Pipeline/Particles/SimpleLit' not found
Launched and connected shader compiler UnityShaderCompiler.exe after 0.48 seconds
Refreshing native plugins compatible for Editor in 1.21 ms, found 0 plugins.
Preloading 0 native plugins for Editor in 0.00 ms.
Unloading 2770 Unused Serialized files (Serialized files now loaded: 0)
System memory in use before: 138.7 MB.
System memory in use after: 136.8 MB.

Unloading 44 unused Assets to reduce memory usage. Loaded Objects now: 3203.
Total: 5.914000 ms (FindLiveObjects: 0.438000 ms CreateObjectMapping: 0.254900 ms MarkObjects: 3.426300 ms  DeleteObjects: 1.793300 ms)

========================================================================
Received Import Request.
  path: Assets/Camera/Scripts/Tools
  artifactKey: Guid(59d0827c08b533c4282d22433762e945) Importer(815301076,1909f56bfc062723c751e8b465ee728b)
Start importing Assets/Camera/Scripts/Tools using Guid(59d0827c08b533c4282d22433762e945) Importer(815301076,1909f56bfc062723c751e8b465ee728b)  -> (artifact id: '4453c8c9a8bada9ef5a98ae4fb5b57b8') in 0.041845 seconds
  Import took 0.072547 seconds .

========================================================================
Received Import Request.
  Time since last request: 0.000567 seconds.
  path: Assets/Common Scripts/Utility/FrustumMeshGenerator.cs
  artifactKey: Guid(bb66d436f72271842b017628b7f87d2f) Importer(815301076,1909f56bfc062723c751e8b465ee728b)
Start importing Assets/Common Scripts/Utility/FrustumMeshGenerator.cs using Guid(bb66d436f72271842b017628b7f87d2f) Importer(815301076,1909f56bfc062723c751e8b465ee728b)  -> (artifact id: '0d02b982f8ba68fd7585a6051392b978') in 0.068796 seconds
  Import took 0.151207 seconds .

========================================================================
Received Prepare
Registering precompiled user dll's ...
Registered in 0.001269 seconds.
Begin MonoManager ReloadAssembly
Native extension for WindowsStandalone target not found
Refreshing native plugins compatible for Editor in 0.43 ms, found 0 plugins.
Preloading 0 native plugins for Editor in 0.00 ms.
Invoked RoslynAnalysisRunner static constructor.
RoslynAnalysisRunner will not be running.
RoslynAnalysisRunner has terminated.
Mono: successfully reloaded assembly
- Completed reload, in  0.881 seconds
Platform modules already initialized, skipping
Shader 'Universal Render Pipeline/Particles/Lit': fallback shader 'Universal Render Pipeline/Particles/SimpleLit' not found
Shader 'Universal Render Pipeline/Particles/Lit': fallback shader 'Universal Render Pipeline/Particles/SimpleLit' not found
Refreshing native plugins compatible for Editor in 0.47 ms, found 0 plugins.
Preloading 0 native plugins for Editor in 0.00 ms.
Unloading 2680 Unused Serialized files (Serialized files now loaded: 0)
System memory in use before: 134.5 MB.
System memory in use after: 132.7 MB.

Unloading 37 unused Assets to reduce memory usage. Loaded Objects now: 3206.
Total: 10.269700 ms (FindLiveObjects: 0.609100 ms CreateObjectMapping: 0.356900 ms MarkObjects: 6.309200 ms  DeleteObjects: 2.992000 ms)

========================================================================
Received Import Request.
  Time since last request: 10.720271 seconds.
  path: Assets/Camera/Camera Controller.prefab
  artifactKey: Guid(949766e47c81ef04581ebbf33d24e5dd) Importer(815301076,1909f56bfc062723c751e8b465ee728b)
Start importing Assets/Camera/Camera Controller.prefab using Guid(949766e47c81ef04581ebbf33d24e5dd) Importer(815301076,1909f56bfc062723c751e8b465ee728b)  -> (artifact id: 'f3f0a2e2e94e5878e3c82f4ad2e122ec') in 0.084566 seconds
  Import took 0.110351 seconds .

========================================================================
Received Import Request.
  Time since last request: 2.074394 seconds.
  path: Assets/Camera/Scripts/CameraBoundaryRenderer.cs
  artifactKey: Guid(be54fd2a707c86848aa2efdcb52c4071) Importer(815301076,1909f56bfc062723c751e8b465ee728b)
Start importing Assets/Camera/Scripts/CameraBoundaryRenderer.cs using Guid(be54fd2a707c86848aa2efdcb52c4071) Importer(815301076,1909f56bfc062723c751e8b465ee728b)  -> (artifact id: '1c7e2ba64fb5d2c4a5888de5008d2f81') in 0.007469 seconds
  Import took 0.021745 seconds .

========================================================================
Received Prepare
Registering precompiled user dll's ...
Registered in 0.001080 seconds.
Begin MonoManager ReloadAssembly
Native extension for WindowsStandalone target not found
Refreshing native plugins compatible for Editor in 0.50 ms, found 0 plugins.
Preloading 0 native plugins for Editor in 0.00 ms.
Invoked RoslynAnalysisRunner static constructor.
RoslynAnalysisRunner will not be running.
RoslynAnalysisRunner has terminated.
Mono: successfully reloaded assembly
- Completed reload, in  0.863 seconds
Platform modules already initialized, skipping
Shader 'Universal Render Pipeline/Particles/Lit': fallback shader 'Universal Render Pipeline/Particles/SimpleLit' not found
Shader 'Universal Render Pipeline/Particles/Lit': fallback shader 'Universal Render Pipeline/Particles/SimpleLit' not found
Refreshing native plugins compatible for Editor in 0.44 ms, found 0 plugins.
Preloading 0 native plugins for Editor in 0.00 ms.
Unloading 2680 Unused Serialized files (Serialized files now loaded: 0)
System memory in use before: 134.6 MB.
System memory in use after: 132.7 MB.

Unloading 37 unused Assets to reduce memory usage. Loaded Objects now: 3209.
Total: 11.646100 ms (FindLiveObjects: 0.662900 ms CreateObjectMapping: 0.379500 ms MarkObjects: 7.059100 ms  DeleteObjects: 3.541200 ms)

========================================================================
Received Import Request.
  Time since last request: 20.649789 seconds.
  path: Assets/Camera/Scripts/CameraController.cs
  artifactKey: Guid(9d7e16f5fa4330e4cbe729a6075f2a9c) Importer(815301076,1909f56bfc062723c751e8b465ee728b)
Start importing Assets/Camera/Scripts/CameraController.cs using Guid(9d7e16f5fa4330e4cbe729a6075f2a9c) Importer(815301076,1909f56bfc062723c751e8b465ee728b)  -> (artifact id: '3f339f2e59b516133db798da7c9861be') in 0.011449 seconds
  Import took 0.081593 seconds .

========================================================================
Received Import Request.
  Time since last request: 1.290416 seconds.
  path: Assets/Camera/Scripts/Parameters
  artifactKey: Guid(774ea919b07160040ab78619d7ef0a40) Importer(815301076,1909f56bfc062723c751e8b465ee728b)
Start importing Assets/Camera/Scripts/Parameters using Guid(774ea919b07160040ab78619d7ef0a40) Importer(815301076,1909f56bfc062723c751e8b465ee728b)  -> (artifact id: 'd1efb1db656b6217c9d7ae51d109fc8e') in 0.008003 seconds
  Import took 0.057620 seconds .

========================================================================
Received Import Request.
  Time since last request: 24.788707 seconds.
  path: Assets/Camera/Scripts/AnchorMover
  artifactKey: Guid(e622465ca03cb9e42b8c6436460f8ac4) Importer(815301076,1909f56bfc062723c751e8b465ee728b)
Start importing Assets/Camera/Scripts/AnchorMover using Guid(e622465ca03cb9e42b8c6436460f8ac4) Importer(815301076,1909f56bfc062723c751e8b465ee728b)  -> (artifact id: '88ceebf404fb6713c6069788a8f908d1') in 0.010237 seconds
  Import took 0.028198 seconds .

========================================================================
Received Import Request.
  Time since last request: 0.001628 seconds.
  path: Assets/Camera/Scripts/AnchorMover
  artifactKey: Guid(e622465ca03cb9e42b8c6436460f8ac4) Importer(815301076,1909f56bfc062723c751e8b465ee728b)
Start importing Assets/Camera/Scripts/AnchorMover using Guid(e622465ca03cb9e42b8c6436460f8ac4) Importer(815301076,1909f56bfc062723c751e8b465ee728b)  -> (artifact id: '88ceebf404fb6713c6069788a8f908d1') in 0.002338 seconds
  Import took 0.032819 seconds .

========================================================================
Received Import Request.
  Time since last request: 8.775625 seconds.
  path: Assets/Camera/Scripts/AnchorMover/CameraAnchorMover.cs
  artifactKey: Guid(e720357f757b10a489f8d9fb54d05dbb) Importer(815301076,1909f56bfc062723c751e8b465ee728b)
Start importing Assets/Camera/Scripts/AnchorMover/CameraAnchorMover.cs using Guid(e720357f757b10a489f8d9fb54d05dbb) Importer(815301076,1909f56bfc062723c751e8b465ee728b)  -> (artifact id: '58f38b4d141575735ed2a8cd0dc6093f') in 0.009119 seconds
  Import took 0.083994 seconds .

========================================================================
Received Prepare
Registering precompiled user dll's ...
Registered in 0.001036 seconds.
Begin MonoManager ReloadAssembly
Native extension for WindowsStandalone target not found
Refreshing native plugins compatible for Editor in 0.46 ms, found 0 plugins.
Preloading 0 native plugins for Editor in 0.00 ms.
Invoked RoslynAnalysisRunner static constructor.
RoslynAnalysisRunner will not be running.
RoslynAnalysisRunner has terminated.
Mono: successfully reloaded assembly
- Completed reload, in  0.830 seconds
Platform modules already initialized, skipping
Shader 'Universal Render Pipeline/Particles/Lit': fallback shader 'Universal Render Pipeline/Particles/SimpleLit' not found
Shader 'Universal Render Pipeline/Particles/Lit': fallback shader 'Universal Render Pipeline/Particles/SimpleLit' not found
Refreshing native plugins compatible for Editor in 0.46 ms, found 0 plugins.
Preloading 0 native plugins for Editor in 0.00 ms.
Unloading 2681 Unused Serialized files (Serialized files now loaded: 0)
System memory in use before: 134.6 MB.
System memory in use after: 132.8 MB.

Unloading 37 unused Assets to reduce memory usage. Loaded Objects now: 3213.
Total: 3.349600 ms (FindLiveObjects: 0.252900 ms CreateObjectMapping: 0.149600 ms MarkObjects: 1.836800 ms  DeleteObjects: 1.109500 ms)

========================================================================
Received Prepare
Registering precompiled user dll's ...
Registered in 0.001236 seconds.
Begin MonoManager ReloadAssembly
Native extension for WindowsStandalone target not found
Refreshing native plugins compatible for Editor in 0.44 ms, found 0 plugins.
Preloading 0 native plugins for Editor in 0.00 ms.
Invoked RoslynAnalysisRunner static constructor.
RoslynAnalysisRunner will not be running.
RoslynAnalysisRunner has terminated.
Mono: successfully reloaded assembly
- Completed reload, in  0.871 seconds
Platform modules already initialized, skipping
Shader 'Universal Render Pipeline/Particles/Lit': fallback shader 'Universal Render Pipeline/Particles/SimpleLit' not found
Shader 'Universal Render Pipeline/Particles/Lit': fallback shader 'Universal Render Pipeline/Particles/SimpleLit' not found
Refreshing native plugins compatible for Editor in 0.44 ms, found 0 plugins.
Preloading 0 native plugins for Editor in 0.00 ms.
Unloading 2681 Unused Serialized files (Serialized files now loaded: 0)
System memory in use before: 134.7 MB.
System memory in use after: 132.8 MB.

Unloading 37 unused Assets to reduce memory usage. Loaded Objects now: 3216.
Total: 3.194100 ms (FindLiveObjects: 0.278300 ms CreateObjectMapping: 0.144300 ms MarkObjects: 1.660000 ms  DeleteObjects: 1.110600 ms)

========================================================================
Received Import Request.
  Time since last request: 369.932792 seconds.
  path: Assets/Camera/Scripts/AnchorMover/CameraAnchorMover.cs
  artifactKey: Guid(e720357f757b10a489f8d9fb54d05dbb) Importer(815301076,1909f56bfc062723c751e8b465ee728b)
Start importing Assets/Camera/Scripts/AnchorMover/CameraAnchorMover.cs using Guid(e720357f757b10a489f8d9fb54d05dbb) Importer(815301076,1909f56bfc062723c751e8b465ee728b)  -> (artifact id: '5ef35b754d0bf15b00a5ce62dc1ce6d8') in 0.005918 seconds
  Import took 0.095443 seconds .

========================================================================
Received Prepare
Registering precompiled user dll's ...
Registered in 0.001030 seconds.
Begin MonoManager ReloadAssembly
Native extension for WindowsStandalone target not found
Refreshing native plugins compatible for Editor in 0.43 ms, found 0 plugins.
Preloading 0 native plugins for Editor in 0.00 ms.
Invoked RoslynAnalysisRunner static constructor.
RoslynAnalysisRunner will not be running.
RoslynAnalysisRunner has terminated.
Mono: successfully reloaded assembly
- Completed reload, in  0.828 seconds
Platform modules already initialized, skipping
Shader 'Universal Render Pipeline/Particles/Lit': fallback shader 'Universal Render Pipeline/Particles/SimpleLit' not found
Shader 'Universal Render Pipeline/Particles/Lit': fallback shader 'Universal Render Pipeline/Particles/SimpleLit' not found
Refreshing native plugins compatible for Editor in 0.46 ms, found 0 plugins.
Preloading 0 native plugins for Editor in 0.00 ms.
Unloading 2681 Unused Serialized files (Serialized files now loaded: 0)
System memory in use before: 134.7 MB.
System memory in use after: 132.8 MB.

Unloading 37 unused Assets to reduce memory usage. Loaded Objects now: 3219.
Total: 3.799500 ms (FindLiveObjects: 0.352800 ms CreateObjectMapping: 0.136800 ms MarkObjects: 2.081800 ms  DeleteObjects: 1.226800 ms)

========================================================================
Received Import Request.
  Time since last request: 7.941673 seconds.
  path: Assets/Camera/Scripts/AnchorMover/CameraAnchorMover.cs
  artifactKey: Guid(e720357f757b10a489f8d9fb54d05dbb) Importer(815301076,1909f56bfc062723c751e8b465ee728b)
Start importing Assets/Camera/Scripts/AnchorMover/CameraAnchorMover.cs using Guid(e720357f757b10a489f8d9fb54d05dbb) Importer(815301076,1909f56bfc062723c751e8b465ee728b)  -> (artifact id: 'dd676a78ba8e1c9ef64295ba32e7624e') in 0.007382 seconds
  Import took 0.078241 seconds .

========================================================================
Received Prepare
Registering precompiled user dll's ...
Registered in 0.001078 seconds.
Begin MonoManager ReloadAssembly
Native extension for WindowsStandalone target not found
Refreshing native plugins compatible for Editor in 0.49 ms, found 0 plugins.
Preloading 0 native plugins for Editor in 0.00 ms.
Invoked RoslynAnalysisRunner static constructor.
RoslynAnalysisRunner will not be running.
RoslynAnalysisRunner has terminated.
Mono: successfully reloaded assembly
- Completed reload, in  0.931 seconds
Platform modules already initialized, skipping
Shader 'Universal Render Pipeline/Particles/Lit': fallback shader 'Universal Render Pipeline/Particles/SimpleLit' not found
Shader 'Universal Render Pipeline/Particles/Lit': fallback shader 'Universal Render Pipeline/Particles/SimpleLit' not found
Refreshing native plugins compatible for Editor in 0.46 ms, found 0 plugins.
Preloading 0 native plugins for Editor in 0.00 ms.
Unloading 2681 Unused Serialized files (Serialized files now loaded: 0)
System memory in use before: 134.7 MB.
System memory in use after: 132.8 MB.

Unloading 37 unused Assets to reduce memory usage. Loaded Objects now: 3222.
Total: 7.103000 ms (FindLiveObjects: 0.544900 ms CreateObjectMapping: 0.303800 ms MarkObjects: 4.023400 ms  DeleteObjects: 2.228900 ms)

========================================================================
Received Prepare
Registering precompiled user dll's ...
Registered in 0.001043 seconds.
Begin MonoManager ReloadAssembly
Native extension for WindowsStandalone target not found
Refreshing native plugins compatible for Editor in 0.43 ms, found 0 plugins.
Preloading 0 native plugins for Editor in 0.00 ms.
Invoked RoslynAnalysisRunner static constructor.
RoslynAnalysisRunner will not be running.
RoslynAnalysisRunner has terminated.
Mono: successfully reloaded assembly
- Completed reload, in  0.777 seconds
Platform modules already initialized, skipping
Shader 'Universal Render Pipeline/Particles/Lit': fallback shader 'Universal Render Pipeline/Particles/SimpleLit' not found
Shader 'Universal Render Pipeline/Particles/Lit': fallback shader 'Universal Render Pipeline/Particles/SimpleLit' not found
Refreshing native plugins compatible for Editor in 0.44 ms, found 0 plugins.
Preloading 0 native plugins for Editor in 0.00 ms.
Unloading 2681 Unused Serialized files (Serialized files now loaded: 0)
System memory in use before: 134.7 MB.
System memory in use after: 132.9 MB.

Unloading 37 unused Assets to reduce memory usage. Loaded Objects now: 3225.
Total: 8.109200 ms (FindLiveObjects: 0.696000 ms CreateObjectMapping: 0.336700 ms MarkObjects: 4.641800 ms  DeleteObjects: 2.432600 ms)

========================================================================
Received Import Request.
  Time since last request: 493.147399 seconds.
  path: Assets/Camera/Scripts/Tools/FrustumMeshGenerator.cs
  artifactKey: Guid(bb66d436f72271842b017628b7f87d2f) Importer(815301076,1909f56bfc062723c751e8b465ee728b)
Start importing Assets/Camera/Scripts/Tools/FrustumMeshGenerator.cs using Guid(bb66d436f72271842b017628b7f87d2f) Importer(815301076,1909f56bfc062723c751e8b465ee728b)  -> (artifact id: 'b99edcec51a94837e4b5d509a6a23492') in 0.009181 seconds
  Import took 0.087770 seconds .

========================================================================
Received Prepare
Registering precompiled user dll's ...
Registered in 0.001056 seconds.
Begin MonoManager ReloadAssembly
Native extension for WindowsStandalone target not found
Refreshing native plugins compatible for Editor in 0.44 ms, found 0 plugins.
Preloading 0 native plugins for Editor in 0.00 ms.
Invoked RoslynAnalysisRunner static constructor.
RoslynAnalysisRunner will not be running.
RoslynAnalysisRunner has terminated.
Mono: successfully reloaded assembly
- Completed reload, in  0.815 seconds
Platform modules already initialized, skipping
Shader 'Universal Render Pipeline/Particles/Lit': fallback shader 'Universal Render Pipeline/Particles/SimpleLit' not found
Shader 'Universal Render Pipeline/Particles/Lit': fallback shader 'Universal Render Pipeline/Particles/SimpleLit' not found
Refreshing native plugins compatible for Editor in 0.44 ms, found 0 plugins.
Preloading 0 native plugins for Editor in 0.00 ms.
Unloading 2681 Unused Serialized files (Serialized files now loaded: 0)
System memory in use before: 134.7 MB.
System memory in use after: 132.8 MB.

Unloading 37 unused Assets to reduce memory usage. Loaded Objects now: 3228.
Total: 8.541100 ms (FindLiveObjects: 0.602900 ms CreateObjectMapping: 0.335700 ms MarkObjects: 4.583100 ms  DeleteObjects: 3.016800 ms)

========================================================================
Received Prepare
Registering precompiled user dll's ...
Registered in 0.001035 seconds.
Begin MonoManager ReloadAssembly
Native extension for WindowsStandalone target not found
Refreshing native plugins compatible for Editor in 0.44 ms, found 0 plugins.
Preloading 0 native plugins for Editor in 0.00 ms.
Invoked RoslynAnalysisRunner static constructor.
RoslynAnalysisRunner will not be running.
RoslynAnalysisRunner has terminated.
Mono: successfully reloaded assembly
- Completed reload, in  0.833 seconds
Platform modules already initialized, skipping
Shader 'Universal Render Pipeline/Particles/Lit': fallback shader 'Universal Render Pipeline/Particles/SimpleLit' not found
Shader 'Universal Render Pipeline/Particles/Lit': fallback shader 'Universal Render Pipeline/Particles/SimpleLit' not found
Refreshing native plugins compatible for Editor in 0.45 ms, found 0 plugins.
Preloading 0 native plugins for Editor in 0.00 ms.
Unloading 2681 Unused Serialized files (Serialized files now loaded: 0)
System memory in use before: 134.7 MB.
System memory in use after: 132.9 MB.

Unloading 37 unused Assets to reduce memory usage. Loaded Objects now: 3231.
Total: 3.209700 ms (FindLiveObjects: 0.272100 ms CreateObjectMapping: 0.118800 ms MarkObjects: 1.682500 ms  DeleteObjects: 1.135100 ms)

========================================================================
Received Prepare
Registering precompiled user dll's ...
Registered in 0.001032 seconds.
Begin MonoManager ReloadAssembly
Native extension for WindowsStandalone target not found
Refreshing native plugins compatible for Editor in 0.44 ms, found 0 plugins.
Preloading 0 native plugins for Editor in 0.00 ms.
Invoked RoslynAnalysisRunner static constructor.
RoslynAnalysisRunner will not be running.
RoslynAnalysisRunner has terminated.
Mono: successfully reloaded assembly
- Completed reload, in  0.802 seconds
Platform modules already initialized, skipping
Shader 'Universal Render Pipeline/Particles/Lit': fallback shader 'Universal Render Pipeline/Particles/SimpleLit' not found
Shader 'Universal Render Pipeline/Particles/Lit': fallback shader 'Universal Render Pipeline/Particles/SimpleLit' not found
Refreshing native plugins compatible for Editor in 0.45 ms, found 0 plugins.
Preloading 0 native plugins for Editor in 0.00 ms.
Unloading 2681 Unused Serialized files (Serialized files now loaded: 0)
System memory in use before: 134.7 MB.
System memory in use after: 132.9 MB.

Unloading 37 unused Assets to reduce memory usage. Loaded Objects now: 3234.
Total: 3.264400 ms (FindLiveObjects: 0.310200 ms CreateObjectMapping: 0.149000 ms MarkObjects: 1.669300 ms  DeleteObjects: 1.135100 ms)

========================================================================
Received Prepare
Registering precompiled user dll's ...
Registered in 0.001072 seconds.
Begin MonoManager ReloadAssembly
Native extension for WindowsStandalone target not found
Refreshing native plugins compatible for Editor in 0.43 ms, found 0 plugins.
Preloading 0 native plugins for Editor in 0.00 ms.
Invoked RoslynAnalysisRunner static constructor.
RoslynAnalysisRunner will not be running.
RoslynAnalysisRunner has terminated.
Mono: successfully reloaded assembly
- Completed reload, in  0.831 seconds
Platform modules already initialized, skipping
Shader 'Universal Render Pipeline/Particles/Lit': fallback shader 'Universal Render Pipeline/Particles/SimpleLit' not found
Shader 'Universal Render Pipeline/Particles/Lit': fallback shader 'Universal Render Pipeline/Particles/SimpleLit' not found
Refreshing native plugins compatible for Editor in 0.52 ms, found 0 plugins.
Preloading 0 native plugins for Editor in 0.00 ms.
Unloading 2681 Unused Serialized files (Serialized files now loaded: 0)
System memory in use before: 134.8 MB.
System memory in use after: 132.9 MB.

Unloading 37 unused Assets to reduce memory usage. Loaded Objects now: 3237.
Total: 3.162900 ms (FindLiveObjects: 0.262500 ms CreateObjectMapping: 0.119700 ms MarkObjects: 1.650400 ms  DeleteObjects: 1.129300 ms)

========================================================================
Received Prepare
Registering precompiled user dll's ...
Registered in 0.001032 seconds.
Begin MonoManager ReloadAssembly
Native extension for WindowsStandalone target not found
Refreshing native plugins compatible for Editor in 0.47 ms, found 0 plugins.
Preloading 0 native plugins for Editor in 0.00 ms.
Invoked RoslynAnalysisRunner static constructor.
RoslynAnalysisRunner will not be running.
RoslynAnalysisRunner has terminated.
Mono: successfully reloaded assembly
- Completed reload, in  0.817 seconds
Platform modules already initialized, skipping
Shader 'Universal Render Pipeline/Particles/Lit': fallback shader 'Universal Render Pipeline/Particles/SimpleLit' not found
Shader 'Universal Render Pipeline/Particles/Lit': fallback shader 'Universal Render Pipeline/Particles/SimpleLit' not found
Refreshing native plugins compatible for Editor in 0.45 ms, found 0 plugins.
Preloading 0 native plugins for Editor in 0.00 ms.
Unloading 2681 Unused Serialized files (Serialized files now loaded: 0)
System memory in use before: 134.7 MB.
System memory in use after: 132.9 MB.

Unloading 37 unused Assets to reduce memory usage. Loaded Objects now: 3240.
Total: 8.950300 ms (FindLiveObjects: 0.623500 ms CreateObjectMapping: 0.413500 ms MarkObjects: 4.861100 ms  DeleteObjects: 3.050100 ms)

========================================================================
Received Prepare
Registering precompiled user dll's ...
Registered in 0.001108 seconds.
Begin MonoManager ReloadAssembly
Native extension for WindowsStandalone target not found
Refreshing native plugins compatible for Editor in 0.45 ms, found 0 plugins.
Preloading 0 native plugins for Editor in 0.00 ms.
Invoked RoslynAnalysisRunner static constructor.
RoslynAnalysisRunner will not be running.
RoslynAnalysisRunner has terminated.
Mono: successfully reloaded assembly
- Completed reload, in  0.822 seconds
Platform modules already initialized, skipping
Shader 'Universal Render Pipeline/Particles/Lit': fallback shader 'Universal Render Pipeline/Particles/SimpleLit' not found
Shader 'Universal Render Pipeline/Particles/Lit': fallback shader 'Universal Render Pipeline/Particles/SimpleLit' not found
Refreshing native plugins compatible for Editor in 0.48 ms, found 0 plugins.
Preloading 0 native plugins for Editor in 0.00 ms.
Unloading 2681 Unused Serialized files (Serialized files now loaded: 0)
System memory in use before: 134.7 MB.
System memory in use after: 132.9 MB.

Unloading 37 unused Assets to reduce memory usage. Loaded Objects now: 3243.
Total: 10.367400 ms (FindLiveObjects: 0.672300 ms CreateObjectMapping: 0.406600 ms MarkObjects: 5.928200 ms  DeleteObjects: 3.357600 ms)

========================================================================
Received Prepare
Registering precompiled user dll's ...
Registered in 0.001873 seconds.
Begin MonoManager ReloadAssembly
Native extension for WindowsStandalone target not found
Refreshing native plugins compatible for Editor in 0.71 ms, found 0 plugins.
Preloading 0 native plugins for Editor in 0.00 ms.
Invoked RoslynAnalysisRunner static constructor.
RoslynAnalysisRunner will not be running.
RoslynAnalysisRunner has terminated.
Mono: successfully reloaded assembly
- Completed reload, in  1.966 seconds
Platform modules already initialized, skipping
Shader 'Universal Render Pipeline/Particles/Lit': fallback shader 'Universal Render Pipeline/Particles/SimpleLit' not found
Shader 'Universal Render Pipeline/Particles/Lit': fallback shader 'Universal Render Pipeline/Particles/SimpleLit' not found
Refreshing native plugins compatible for Editor in 1.86 ms, found 0 plugins.
Preloading 0 native plugins for Editor in 0.00 ms.
Unloading 2681 Unused Serialized files (Serialized files now loaded: 0)
System memory in use before: 134.7 MB.
System memory in use after: 132.9 MB.

Unloading 37 unused Assets to reduce memory usage. Loaded Objects now: 3246.
Total: 9.602300 ms (FindLiveObjects: 1.472700 ms CreateObjectMapping: 0.691300 ms MarkObjects: 3.794900 ms  DeleteObjects: 3.639900 ms)

